<?xml version="1.0" encoding="UTF-8"?>
<!-- Generated by org.testng.reporters.JUnitReportReporter -->
<testsuite hostname="IN-PG02NMH2" failures="0" tests="1" name="BENCH.JENKINS.Negative" time="3.006" errors="0" timestamp="2023-07-21T14:06:43 IST" skipped="0">
  <testcase classname="BENCH.JENKINS.Negative" name="negative" time="3.006"/>
  <system-out/>
</testsuite> <!-- BENCH.JENKINS.Negative -->
