<?xml version="1.0" encoding="UTF-8"?>
<!-- Generated by org.testng.reporters.JUnitReportReporter -->
<testsuite hostname="IN-PG02NMH2" failures="0" tests="1" name="BENCH.JENKINS.Positive" time="3.039" errors="0" timestamp="2023-07-21T14:18:08 IST" skipped="0">
  <testcase classname="BENCH.JENKINS.Positive" name="positive" time="3.039"/>
  <system-out/>
</testsuite> <!-- BENCH.JENKINS.Positive -->
